<?xml version="1.0" encoding="UTF-8"?>
<testsuite xmlns:xsi="http://www.w3.org/2001/XMLSchema-instance" xsi:noNamespaceSchemaLocation="https://maven.apache.org/surefire/maven-surefire-plugin/xsd/surefire-test-report-3.0.xsd" version="3.0" name="main.DeckTest" time="3.494" tests="43" errors="1" skipped="0" failures="2">
  <properties>
[...]
</properties>
  <testcase name="testPokemonAndEnergyRepeats" classname="main.DeckTest" time="1.731"/>
  <testcase name="testHowManyRepeatsOne" classname="main.DeckTest" time="0.0"/>
  <testcase name="testFalseContainsCardNamed" classname="main.DeckTest" time="0.004"/>
  <testcase name="testAddDeckFromFileWithTooManyCards" classname="main.DeckTest" time="0.297">
    <system-out><![CDATA[main.Deck$DeckInIncorrectFormatException: File testDeckWithTooManyCards.txt is in the incorrect format: Deck has too many cards
]]></system-out>
  </testcase>
  <testcase name="mixTrainersAndPokemon" classname="main.DeckTest" time="0.064"/>
  <testcase name="testNoBasicPokemon" classname="main.DeckTest" time="0.016"/>
  <testcase name="testOneCard" classname="main.DeckTest" time="0.0"/>
  <testcase name="testAddEmptyDeckFromFile" classname="main.DeckTest" time="0.0"/>
  <testcase name="testAddTrainerToDeck" classname="main.DeckTest" time="0.0"/>
  <testcase name="testMakeRandomCards" classname="main.DeckTest" time="0.334"/>
  <testcase name="testHowManyRepeatsMany" classname="main.DeckTest" time="0.0"/>
  <testcase name="testHowManyRepeatsZero" classname="main.DeckTest" time="0.0"/>
  <testcase name="testRemoveTopCardFromLargeDeck" classname="main.DeckTest" time="0.008"/>
  <testcase name="testGetOnlyPokemonNoPokemon" classname="main.DeckTest" time="0.0"/>
  <testcase name="testGetOnlyOnePokemon" classname="main.DeckTest" time="0.0"/>
  <testcase name="testEmptyDeck" classname="main.DeckTest" time="0.0"/>
  <testcase name="testMakeFullDeck" classname="main.DeckTest" time="0.0"/>
  <testcase name="testAddDeckFromFileWithMultiples" classname="main.DeckTest" time="0.024">
    <failure type="java.lang.AssertionError"><![CDATA[java.lang.AssertionError
	at org.junit.Assert.fail(Assert.java:87)
	at org.junit.Assert.assertTrue(Assert.java:42)
	at org.junit.Assert.assertTrue(Assert.java:53)
	at main.DeckTest.testAddDeckFromFileWithMultiples(DeckTest.java:665)
	at java.base/jdk.internal.reflect.NativeMethodAccessorImpl.invoke0(Native Method)
	at java.base/jdk.internal.reflect.NativeMethodAccessorImpl.invoke(NativeMethodAccessorImpl.java:77)
	at java.base/jdk.internal.reflect.DelegatingMethodAccessorImpl.invoke(DelegatingMethodAccessorImpl.java:43)
	at java.base/java.lang.reflect.Method.invoke(Method.java:568)
	at org.junit.runners.model.FrameworkMethod$1.runReflectiveCall(FrameworkMethod.java:59)
	at org.junit.internal.runners.model.ReflectiveCallable.run(ReflectiveCallable.java:12)
	at org.junit.runners.model.FrameworkMethod.invokeExplosively(FrameworkMethod.java:56)
	at org.junit.internal.runners.statements.InvokeMethod.evaluate(InvokeMethod.java:17)
	at org.junit.runners.ParentRunner$3.evaluate(ParentRunner.java:306)
	at org.junit.runners.BlockJUnit4ClassRunner$1.evaluate(BlockJUnit4ClassRunner.java:100)
	at org.junit.runners.ParentRunner.runLeaf(ParentRunner.java:366)
	at org.junit.runners.BlockJUnit4ClassRunner.runChild(BlockJUnit4ClassRunner.java:103)
	at org.junit.runners.BlockJUnit4ClassRunner.runChild(BlockJUnit4ClassRunner.java:63)
	at org.junit.runners.ParentRunner$4.run(ParentRunner.java:331)
	at org.junit.runners.ParentRunner$1.schedule(ParentRunner.java:79)
	at org.junit.runners.ParentRunner.runChildren(ParentRunner.java:329)
	at org.junit.runners.ParentRunner.access$100(ParentRunner.java:66)
	at org.junit.runners.ParentRunner$2.evaluate(ParentRunner.java:293)
	at org.junit.runners.ParentRunner$3.evaluate(ParentRunner.java:306)
	at org.junit.runners.ParentRunner.run(ParentRunner.java:413)
	at org.apache.maven.surefire.junit4.JUnit4Provider.execute(JUnit4Provider.java:316)
	at org.apache.maven.surefire.junit4.JUnit4Provider.executeWithRerun(JUnit4Provider.java:240)
	at org.apache.maven.surefire.junit4.JUnit4Provider.executeTestSet(JUnit4Provider.java:214)
	at org.apache.maven.surefire.junit4.JUnit4Provider.invoke(JUnit4Provider.java:155)
	at org.apache.maven.surefire.booter.ForkedBooter.runSuitesInProcess(ForkedBooter.java:385)
	at org.apache.maven.surefire.booter.ForkedBooter.execute(ForkedBooter.java:162)
	at org.apache.maven.surefire.booter.ForkedBooter.run(ForkedBooter.java:507)
	at org.apache.maven.surefire.booter.ForkedBooter.main(ForkedBooter.java:495)
]]></failure>
  </testcase>
  <testcase name="testRemoveNullCard" classname="main.DeckTest" time="0.016"/>
  <testcase name="testMixedBasic" classname="main.DeckTest" time="0.0"/>
  <testcase name="testRemoveTopCardFromDeckSizeOne" classname="main.DeckTest" time="0.0"/>
  <testcase name="testTrueContainsCardNamed" classname="main.DeckTest" time="0.0"/>
  <testcase name="testFindsCardFromName" classname="main.DeckTest" time="0.016">
    <error message="class main.Trainer cannot be cast to class main.Pokemon (main.Trainer and main.Pokemon are in unnamed module of loader &apos;app&apos;)" type="java.lang.ClassCastException"><![CDATA[java.lang.ClassCastException: class main.Trainer cannot be cast to class main.Pokemon (main.Trainer and main.Pokemon are in unnamed module of loader 'app')
	at main.DeckTest.testFindsCardFromName(DeckTest.java:811)
	at java.base/jdk.internal.reflect.NativeMethodAccessorImpl.invoke0(Native Method)
	at java.base/jdk.internal.reflect.NativeMethodAccessorImpl.invoke(NativeMethodAccessorImpl.java:77)
	at java.base/jdk.internal.reflect.DelegatingMethodAccessorImpl.invoke(DelegatingMethodAccessorImpl.java:43)
	at java.base/java.lang.reflect.Method.invoke(Method.java:568)
	at org.junit.runners.model.FrameworkMethod$1.runReflectiveCall(FrameworkMethod.java:59)
	at org.junit.internal.runners.model.ReflectiveCallable.run(ReflectiveCallable.java:12)
	at org.junit.runners.model.FrameworkMethod.invokeExplosively(FrameworkMethod.java:56)
	at org.junit.internal.runners.statements.InvokeMethod.evaluate(InvokeMethod.java:17)
	at org.junit.runners.ParentRunner$3.evaluate(ParentRunner.java:306)
	at org.junit.runners.BlockJUnit4ClassRunner$1.evaluate(BlockJUnit4ClassRunner.java:100)
	at org.junit.runners.ParentRunner.runLeaf(ParentRunner.java:366)
	at org.junit.runners.BlockJUnit4ClassRunner.runChild(BlockJUnit4ClassRunner.java:103)
	at org.junit.runners.BlockJUnit4ClassRunner.runChild(BlockJUnit4ClassRunner.java:63)
	at org.junit.runners.ParentRunner$4.run(ParentRunner.java:331)
	at org.junit.runners.ParentRunner$1.schedule(ParentRunner.java:79)
	at org.junit.runners.ParentRunner.runChildren(ParentRunner.java:329)
	at org.junit.runners.ParentRunner.access$100(ParentRunner.java:66)
	at org.junit.runners.ParentRunner$2.evaluate(ParentRunner.java:293)
	at org.junit.runners.ParentRunner$3.evaluate(ParentRunner.java:306)
	at org.junit.runners.ParentRunner.run(ParentRunner.java:413)
	at org.apache.maven.surefire.junit4.JUnit4Provider.execute(JUnit4Provider.java:316)
	at org.apache.maven.surefire.junit4.JUnit4Provider.executeWithRerun(JUnit4Provider.java:240)
	at org.apache.maven.surefire.junit4.JUnit4Provider.executeTestSet(JUnit4Provider.java:214)
	at org.apache.maven.surefire.junit4.JUnit4Provider.invoke(JUnit4Provider.java:155)
	at org.apache.maven.surefire.booter.ForkedBooter.runSuitesInProcess(ForkedBooter.java:385)
	at org.apache.maven.surefire.booter.ForkedBooter.execute(ForkedBooter.java:162)
	at org.apache.maven.surefire.booter.ForkedBooter.run(ForkedBooter.java:507)
	at org.apache.maven.surefire.booter.ForkedBooter.main(ForkedBooter.java:495)
]]></error>
  </testcase>
  <testcase name="testDeckShuffle" classname="main.DeckTest" time="0.016"/>
  <testcase name="testAddEnergies" classname="main.DeckTest" time="0.11"/>
  <testcase name="testRemoveCard" classname="main.DeckTest" time="0.0"/>
  <testcase name="testTrueManyCardsContains" classname="main.DeckTest" time="0.0"/>
  <testcase name="testMakeFullDeckCards" classname="main.DeckTest" time="0.319"/>
  <testcase name="testGetCardFromName" classname="main.DeckTest" time="0.0"/>
  <testcase name="testContainsCardNameManyCards" classname="main.DeckTest" time="0.0"/>
  <testcase name="testGetOnlyPokemonEmpty" classname="main.DeckTest" time="0.0"/>
  <testcase name="testFirstCard" classname="main.DeckTest" time="0.0"/>
  <testcase name="testGetCardFromNameMany" classname="main.DeckTest" time="0.0"/>
  <testcase name="testGetPokemonFromDeck" classname="main.DeckTest" time="0.507"/>
  <testcase name="testAddEnergyToDeck" classname="main.DeckTest" time="0.0"/>
  <testcase name="testAddDeckFromFileWithSize1" classname="main.DeckTest" time="0.016">
    <failure type="java.lang.AssertionError"><![CDATA[java.lang.AssertionError
	at org.junit.Assert.fail(Assert.java:87)
	at org.junit.Assert.assertTrue(Assert.java:42)
	at org.junit.Assert.assertTrue(Assert.java:53)
	at main.DeckTest.testAddDeckFromFileWithSize1(DeckTest.java:653)
	at java.base/jdk.internal.reflect.NativeMethodAccessorImpl.invoke0(Native Method)
	at java.base/jdk.internal.reflect.NativeMethodAccessorImpl.invoke(NativeMethodAccessorImpl.java:77)
	at java.base/jdk.internal.reflect.DelegatingMethodAccessorImpl.invoke(DelegatingMethodAccessorImpl.java:43)
	at java.base/java.lang.reflect.Method.invoke(Method.java:568)
	at org.junit.runners.model.FrameworkMethod$1.runReflectiveCall(FrameworkMethod.java:59)
	at org.junit.internal.runners.model.ReflectiveCallable.run(ReflectiveCallable.java:12)
	at org.junit.runners.model.FrameworkMethod.invokeExplosively(FrameworkMethod.java:56)
	at org.junit.internal.runners.statements.InvokeMethod.evaluate(InvokeMethod.java:17)
	at org.junit.runners.ParentRunner$3.evaluate(ParentRunner.java:306)
	at org.junit.runners.BlockJUnit4ClassRunner$1.evaluate(BlockJUnit4ClassRunner.java:100)
	at org.junit.runners.ParentRunner.runLeaf(ParentRunner.java:366)
	at org.junit.runners.BlockJUnit4ClassRunner.runChild(BlockJUnit4ClassRunner.java:103)
	at org.junit.runners.BlockJUnit4ClassRunner.runChild(BlockJUnit4ClassRunner.java:63)
	at org.junit.runners.ParentRunner$4.run(ParentRunner.java:331)
	at org.junit.runners.ParentRunner$1.schedule(ParentRunner.java:79)
	at org.junit.runners.ParentRunner.runChildren(ParentRunner.java:329)
	at org.junit.runners.ParentRunner.access$100(ParentRunner.java:66)
	at org.junit.runners.ParentRunner$2.evaluate(ParentRunner.java:293)
	at org.junit.runners.ParentRunner$3.evaluate(ParentRunner.java:306)
	at org.junit.runners.ParentRunner.run(ParentRunner.java:413)
	at org.apache.maven.surefire.junit4.JUnit4Provider.execute(JUnit4Provider.java:316)
	at org.apache.maven.surefire.junit4.JUnit4Provider.executeWithRerun(JUnit4Provider.java:240)
	at org.apache.maven.surefire.junit4.JUnit4Provider.executeTestSet(JUnit4Provider.java:214)
	at org.apache.maven.surefire.junit4.JUnit4Provider.invoke(JUnit4Provider.java:155)
	at org.apache.maven.surefire.booter.ForkedBooter.runSuitesInProcess(ForkedBooter.java:385)
	at org.apache.maven.surefire.booter.ForkedBooter.execute(ForkedBooter.java:162)
	at org.apache.maven.surefire.booter.ForkedBooter.run(ForkedBooter.java:507)
	at org.apache.maven.surefire.booter.ForkedBooter.main(ForkedBooter.java:495)
]]></failure>
  </testcase>
  <testcase name="testRemoveTopCardFromEmptyDeck" classname="main.DeckTest" time="0.0"/>
  <testcase name="testForBasicPokemon" classname="main.DeckTest" time="0.0"/>
  <testcase name="testGetLargeSizeDeck" classname="main.DeckTest" time="0.0"/>
  <testcase name="testEnergyCardsCanRepeat" classname="main.DeckTest" time="0.0"/>
  <testcase name="testAddDeckFromFileWithWrongFormatCount" classname="main.DeckTest" time="0.016">
    <system-out><![CDATA[main.Deck$DeckInIncorrectFormatException: File testDeckWithWrongFormatCount.txt is in the incorrect format: Count at line 3 in wrong format
]]></system-out>
  </testcase>
  <testcase name="testNoMoreFourRepeats" classname="main.DeckTest" time="0.0"/>
  <testcase name="testGetOnlyPokemonMany" classname="main.DeckTest" time="0.0"/>
</testsuite>