<?xml version="1.0" encoding="UTF-8"?>
<testsuite xmlns:xsi="http://www.w3.org/2001/XMLSchema-instance" xsi:noNamespaceSchemaLocation="https://maven.apache.org/surefire/maven-surefire-plugin/xsd/surefire-test-report-3.0.xsd" version="3.0" name="main.CardGeneratorTest" time="0.08" tests="5" errors="0" skipped="0" failures="0">
  <properties>
[...]
</properties>
  <testcase name="testEmptyName" classname="main.CardGeneratorTest" time="0.0"/>
  <testcase name="testManyPokemon" classname="main.CardGeneratorTest" time="0.073"/>
  <testcase name="testPokemonGen" classname="main.CardGeneratorTest" time="0.006"/>
  <testcase name="testFakeFilepath" classname="main.CardGeneratorTest" time="0.0"/>
  <testcase name="testNoPokemon" classname="main.CardGeneratorTest" time="0.001"/>
</testsuite>