<?xml version="1.0" encoding="UTF-8"?>
<testsuite xmlns:xsi="http://www.w3.org/2001/XMLSchema-instance" xsi:noNamespaceSchemaLocation="https://maven.apache.org/surefire/maven-surefire-plugin/xsd/surefire-test-report-3.0.xsd" version="3.0" name="main.TrainerTest" time="0.001" tests="6" errors="0" skipped="0" failures="0">
  <properties>
[...]
</properties>
  <testcase name="testGetEffects" classname="main.TrainerTest" time="0.0"/>
  <testcase name="testEmptyEffects" classname="main.TrainerTest" time="0.0"/>
  <testcase name="testEmptyName" classname="main.TrainerTest" time="0.0"/>
  <testcase name="testGetName" classname="main.TrainerTest" time="0.0"/>
  <testcase name="testAllValidSubtypes" classname="main.TrainerTest" time="0.0"/>
  <testcase name="testInvalidSubtype" classname="main.TrainerTest" time="0.0"/>
</testsuite>