<?xml version="1.0" encoding="UTF-8"?>
<testsuite xmlns:xsi="http://www.w3.org/2001/XMLSchema-instance" xsi:noNamespaceSchemaLocation="https://maven.apache.org/surefire/maven-surefire-plugin/xsd/surefire-test-report-3.0.xsd" version="3.0" name="main.DeckTest" time="1.078" tests="46" errors="0" skipped="0" failures="0">
  <properties>
[...]
</properties>
  <testcase name="testPokemonAndEnergyRepeats" classname="main.DeckTest" time="0.084"/>
  <testcase name="testHowManyRepeatsOne" classname="main.DeckTest" time="0.0"/>
  <testcase name="testFalseContainsCardNamed" classname="main.DeckTest" time="0.0"/>
  <testcase name="testAddDeckFromFileWithTooManyCards" classname="main.DeckTest" time="0.016"/>
  <testcase name="mixTrainersAndPokemon" classname="main.DeckTest" time="0.062"/>
  <testcase name="testNoBasicPokemon" classname="main.DeckTest" time="0.005"/>
  <testcase name="testOneCard" classname="main.DeckTest" time="0.0"/>
  <testcase name="testAddCardFail" classname="main.DeckTest" time="0.015"/>
  <testcase name="testGetAllPlayerPokemon" classname="main.DeckTest" time="0.053"/>
  <testcase name="testAddEmptyDeckFromFile" classname="main.DeckTest" time="0.0"/>
  <testcase name="testAddTrainerToDeck" classname="main.DeckTest" time="0.008"/>
  <testcase name="testHowManyRepeatsMany" classname="main.DeckTest" time="0.0"/>
  <testcase name="testHowManyRepeatsZero" classname="main.DeckTest" time="0.0"/>
  <testcase name="testRemoveTopCardFromLargeDeck" classname="main.DeckTest" time="0.0"/>
  <testcase name="testGetOnlyPokemonNoPokemon" classname="main.DeckTest" time="0.0"/>
  <testcase name="testGetOnlyOnePokemon" classname="main.DeckTest" time="0.0"/>
  <testcase name="testEmptyDeck" classname="main.DeckTest" time="0.0"/>
  <testcase name="testMakeFullDeck" classname="main.DeckTest" time="0.0"/>
  <testcase name="testAddDeckFromFileWithMultiples" classname="main.DeckTest" time="0.018"/>
  <testcase name="testRemoveNullCard" classname="main.DeckTest" time="0.006"/>
  <testcase name="testMixedBasic" classname="main.DeckTest" time="0.0"/>
  <testcase name="testRemoveTopCardFromDeckSizeOne" classname="main.DeckTest" time="0.0"/>
  <testcase name="testTrueContainsCardNamed" classname="main.DeckTest" time="0.0"/>
  <testcase name="testFindsCardFromName" classname="main.DeckTest" time="0.0"/>
  <testcase name="testDeckShuffle" classname="main.DeckTest" time="0.016"/>
  <testcase name="testRemoveCard" classname="main.DeckTest" time="0.0"/>
  <testcase name="testTrueManyCardsContains" classname="main.DeckTest" time="0.002"/>
  <testcase name="testGetCardFromName" classname="main.DeckTest" time="0.0"/>
  <testcase name="testAddDeckNonexistentFile" classname="main.DeckTest" time="0.0"/>
  <testcase name="testContainsCardNameManyCards" classname="main.DeckTest" time="0.0"/>
  <testcase name="testGetOnlyPokemonEmpty" classname="main.DeckTest" time="0.0"/>
  <testcase name="testFirstCard" classname="main.DeckTest" time="0.0"/>
  <testcase name="testGetCardFromNameMany" classname="main.DeckTest" time="0.0"/>
  <testcase name="testFileIncorrectFormatNonexistent" classname="main.DeckTest" time="0.0"/>
  <testcase name="testGetPokemonFromDeck" classname="main.DeckTest" time="0.745"/>
  <testcase name="testAddEnergyToDeck" classname="main.DeckTest" time="0.003"/>
  <testcase name="testAddDeckFromFileWithSize1" classname="main.DeckTest" time="0.007"/>
  <testcase name="testRemoveTopCardFromEmptyDeck" classname="main.DeckTest" time="0.0"/>
  <testcase name="testGetOnlyEnergy" classname="main.DeckTest" time="0.0"/>
  <testcase name="testForBasicPokemon" classname="main.DeckTest" time="0.0"/>
  <testcase name="testGetLargeSizeDeck" classname="main.DeckTest" time="0.0"/>
  <testcase name="testGetAllPlayerEnergy" classname="main.DeckTest" time="0.0"/>
  <testcase name="testEnergyCardsCanRepeat" classname="main.DeckTest" time="0.0"/>
  <testcase name="testAddDeckFromFileWithWrongFormatCount" classname="main.DeckTest" time="0.016"/>
  <testcase name="testNoMoreFourRepeats" classname="main.DeckTest" time="0.0"/>
  <testcase name="testGetOnlyPokemonMany" classname="main.DeckTest" time="0.0"/>
</testsuite>